2025-05-12 11:11:34,620 INFO o.a.j.u.JMeterUtils: Setting Locale to en_EN
2025-05-12 11:11:34,639 INFO o.a.j.JMeter: Loading user properties from: C:\Users\guogy\AppData\Local\Programs\JMeter\bin\user.properties
2025-05-12 11:11:34,639 INFO o.a.j.JMeter: Loading system properties from: C:\Users\guogy\AppData\Local\Programs\JMeter\bin\system.properties
2025-05-12 11:11:34,639 INFO o.a.j.JMeter: Copyright (c) 1998-2024 The Apache Software Foundation
2025-05-12 11:11:34,639 INFO o.a.j.JMeter: Version 5.6.3
2025-05-12 11:11:34,639 INFO o.a.j.JMeter: java.version=21.0.6
2025-05-12 11:11:34,639 INFO o.a.j.JMeter: java.vm.name=OpenJDK 64-Bit Server VM
2025-05-12 11:11:34,639 INFO o.a.j.JMeter: os.name=Windows 11
2025-05-12 11:11:34,639 INFO o.a.j.JMeter: os.arch=amd64
2025-05-12 11:11:34,639 INFO o.a.j.JMeter: os.version=10.0
2025-05-12 11:11:34,639 INFO o.a.j.JMeter: file.encoding=UTF-8
2025-05-12 11:11:34,639 INFO o.a.j.JMeter: java.awt.headless=true
2025-05-12 11:11:34,639 INFO o.a.j.JMeter: Max memory     =1073741824
2025-05-12 11:11:34,639 INFO o.a.j.JMeter: Available Processors =20
2025-05-12 11:11:34,650 INFO o.a.j.JMeter: Default Locale=English (EN)
2025-05-12 11:11:34,650 INFO o.a.j.JMeter: JMeter  Locale=English (EN)
2025-05-12 11:11:34,650 INFO o.a.j.JMeter: JMeterHome=C:\Users\guogy\AppData\Local\Programs\JMeter
2025-05-12 11:11:34,650 INFO o.a.j.JMeter: user.dir  =C:\Users\guogy\sdu-soft-test2025\lab3
2025-05-12 11:11:34,650 INFO o.a.j.JMeter: PWD       =C:\Users\guogy\sdu-soft-test2025\lab3
2025-05-12 11:11:34,650 INFO o.a.j.JMeter: IP: 10.27.243.89 Name: Guogy-PC FullName: Guogy-PC
2025-05-12 11:11:34,668 INFO o.a.j.JMeter: Setting property 'jmeter.reportgenerator.outputdir' to:'C:\Users\guogy\sdu-soft-test2025\lab3\report'
2025-05-12 11:11:34,670 INFO o.a.j.s.FileServer: Default base='C:\Users\guogy\sdu-soft-test2025\lab3'
2025-05-12 11:11:34,671 INFO o.a.j.s.FileServer: Set new base='C:\Users\guogy\sdu-soft-test2025\lab3'
2025-05-12 11:11:34,820 INFO o.a.j.s.SaveService: Testplan (JMX) version: 2.2. Testlog (JTL) version: 2.2
2025-05-12 11:11:34,840 INFO o.a.j.s.SaveService: Using SaveService properties version 5.0
2025-05-12 11:11:34,840 INFO o.a.j.s.SaveService: Using SaveService properties file encoding UTF-8
2025-05-12 11:11:34,849 INFO o.a.j.s.SaveService: Loading file: test_config.jmx
2025-05-12 11:11:34,892 INFO o.a.j.p.h.s.HTTPSamplerBase: Parser for text/html is org.apache.jmeter.protocol.http.parser.LagartoBasedHtmlParser
2025-05-12 11:11:34,892 INFO o.a.j.p.h.s.HTTPSamplerBase: Parser for application/xhtml+xml is org.apache.jmeter.protocol.http.parser.LagartoBasedHtmlParser
2025-05-12 11:11:34,892 INFO o.a.j.p.h.s.HTTPSamplerBase: Parser for application/xml is org.apache.jmeter.protocol.http.parser.LagartoBasedHtmlParser
2025-05-12 11:11:34,892 INFO o.a.j.p.h.s.HTTPSamplerBase: Parser for text/xml is org.apache.jmeter.protocol.http.parser.LagartoBasedHtmlParser
2025-05-12 11:11:34,892 INFO o.a.j.p.h.s.HTTPSamplerBase: Parser for text/vnd.wap.wml is org.apache.jmeter.protocol.http.parser.RegexpHTMLParser
2025-05-12 11:11:34,892 INFO o.a.j.p.h.s.HTTPSamplerBase: Parser for text/css is org.apache.jmeter.protocol.http.parser.CssParser
2025-05-12 11:11:34,919 INFO o.a.j.JMeter: Creating summariser <summary>
2025-05-12 11:11:34,920 INFO o.a.j.r.d.ReportGenerator: ReportGenerator will use for Parsing the separator: ','
2025-05-12 11:11:34,920 INFO o.a.j.r.d.ReportGenerator: Will generate report at end of test from  results file: results.jtl
2025-05-12 11:11:34,920 INFO o.a.j.r.d.ReportGenerator: Reading report generator properties from: C:\Users\guogy\AppData\Local\Programs\JMeter\bin\reportgenerator.properties
2025-05-12 11:11:34,920 INFO o.a.j.r.d.ReportGenerator: Merging with JMeter properties
2025-05-12 11:11:34,924 INFO o.a.j.r.c.ReportGeneratorConfiguration: Property 'jmeter.reportgenerator.temp_dir' not found, using default value 'temp' instead.
2025-05-12 11:11:34,924 INFO o.a.j.r.c.ReportGeneratorConfiguration: Property 'jmeter.reportgenerator.apdex_per_transaction' not found, using default value 'null' instead.
2025-05-12 11:11:34,924 INFO o.a.j.r.c.ReportGeneratorConfiguration: apdex_per_transaction is empty, not APDEX per transaction customization
2025-05-12 11:11:34,924 INFO o.a.j.r.c.ReportGeneratorConfiguration: Property 'jmeter.reportgenerator.sample_filter' not found, using default value 'null' instead.
2025-05-12 11:11:34,924 INFO o.a.j.r.c.ReportGeneratorConfiguration: Property 'jmeter.reportgenerator.report_title' not found, using default value 'null' instead.
2025-05-12 11:11:34,924 INFO o.a.j.r.c.ReportGeneratorConfiguration: Property 'jmeter.reportgenerator.start_date' not found, using default value 'null' instead.
2025-05-12 11:11:34,924 INFO o.a.j.r.c.ReportGeneratorConfiguration: Property 'jmeter.reportgenerator.end_date' not found, using default value 'null' instead.
2025-05-12 11:11:34,924 INFO o.a.j.r.c.ReportGeneratorConfiguration: Property 'jmeter.reportgenerator.date_format' not found, using default value 'null' instead.
2025-05-12 11:11:34,928 INFO o.a.j.r.c.ReportGeneratorConfiguration: Will use date range start date: null, end date: null
2025-05-12 11:11:34,929 INFO o.a.j.r.c.ReportGeneratorConfiguration: Property 'jmeter.reportgenerator.graph.totalTPS.exclude_controllers' not found, using default value 'false' instead.
2025-05-12 11:11:34,929 INFO o.a.j.r.c.ReportGeneratorConfiguration: Property 'jmeter.reportgenerator.graph.activeThreadsOverTime.exclude_controllers' not found, using default value 'false' instead.
2025-05-12 11:11:34,929 INFO o.a.j.r.c.ReportGeneratorConfiguration: Property 'jmeter.reportgenerator.graph.timeVsThreads.exclude_controllers' not found, using default value 'false' instead.
2025-05-12 11:11:34,929 INFO o.a.j.r.c.ReportGeneratorConfiguration: Property 'jmeter.reportgenerator.graph.responseTimeDistribution.exclude_controllers' not found, using default value 'false' instead.
2025-05-12 11:11:34,929 INFO o.a.j.r.c.ReportGeneratorConfiguration: Property 'jmeter.reportgenerator.graph.transactionsPerSecond.exclude_controllers' not found, using default value 'false' instead.
2025-05-12 11:11:34,929 INFO o.a.j.r.c.ReportGeneratorConfiguration: Property 'jmeter.reportgenerator.graph.responseTimePercentiles.exclude_controllers' not found, using default value 'false' instead.
2025-05-12 11:11:34,929 INFO o.a.j.r.c.ReportGeneratorConfiguration: Property 'jmeter.reportgenerator.graph.responseTimePercentilesOverTime.exclude_controllers' not found, using default value 'false' instead.
2025-05-12 11:11:34,929 INFO o.a.j.r.c.ReportGeneratorConfiguration: Property 'jmeter.reportgenerator.graph.responseTimesOverTime.exclude_controllers' not found, using default value 'false' instead.
2025-05-12 11:11:34,929 INFO o.a.j.r.c.ReportGeneratorConfiguration: Property 'jmeter.reportgenerator.graph.connectTimeOverTime.exclude_controllers' not found, using default value 'false' instead.
2025-05-12 11:11:34,929 INFO o.a.j.r.c.ReportGeneratorConfiguration: Property 'jmeter.reportgenerator.graph.latenciesOverTime.exclude_controllers' not found, using default value 'false' instead.
2025-05-12 11:11:34,929 INFO o.a.j.r.c.ReportGeneratorConfiguration: Property 'jmeter.reportgenerator.exporter.json.filters_only_sample_series' not found, using default value 'true' instead.
2025-05-12 11:11:34,929 INFO o.a.j.r.c.ReportGeneratorConfiguration: Property 'jmeter.reportgenerator.exporter.json.series_filter' not found, using default value '' instead.
2025-05-12 11:11:34,929 INFO o.a.j.r.c.ReportGeneratorConfiguration: Property 'jmeter.reportgenerator.exporter.json.show_controllers_only' not found, using default value 'false' instead.
2025-05-12 11:11:34,929 INFO o.a.j.r.c.ReportGeneratorConfiguration: Property 'jmeter.reportgenerator.exporter.html.filters_only_sample_series' not found, using default value 'true' instead.
2025-05-12 11:11:34,929 INFO o.a.j.r.c.ReportGeneratorConfiguration: Property 'jmeter.reportgenerator.exporter.html.series_filter' not found, using default value '' instead.
2025-05-12 11:11:34,929 INFO o.a.j.r.c.ReportGeneratorConfiguration: Property 'jmeter.reportgenerator.exporter.html.show_controllers_only' not found, using default value 'false' instead.
2025-05-12 11:11:34,950 INFO o.a.j.e.StandardJMeterEngine: Running the test!
2025-05-12 11:11:34,951 INFO o.a.j.s.SampleEvent: List of sample_variables: []
2025-05-12 11:11:34,951 INFO o.a.j.s.SampleEvent: List of sample_variables: []
2025-05-12 11:11:34,955 INFO o.a.j.e.u.CompoundVariable: Note: Function class names must contain the string: '.functions.'
2025-05-12 11:11:34,955 INFO o.a.j.e.u.CompoundVariable: Note: Function class names must not contain the string: '.gui.'
2025-05-12 11:11:35,010 INFO o.a.j.JMeter: Running test (1747019495010)
2025-05-12 11:11:35,028 INFO o.a.j.e.StandardJMeterEngine: Starting ThreadGroup: 1 : 线程组
2025-05-12 11:11:35,028 INFO o.a.j.e.StandardJMeterEngine: Starting 100 threads for group 线程组.
2025-05-12 11:11:35,028 INFO o.a.j.e.StandardJMeterEngine: Thread will continue on error
2025-05-12 11:11:35,028 INFO o.a.j.t.ThreadGroup: Starting thread group... number=1 threads=100 ramp-up=1 delayedStart=false
2025-05-12 11:11:35,074 INFO o.a.j.t.ThreadGroup: Started thread group number 1
2025-05-12 11:11:35,074 INFO o.a.j.e.StandardJMeterEngine: All thread groups have been started
2025-05-12 11:11:45,030 INFO o.a.j.t.JMeterThread: Thread started: 线程组 1-1
2025-05-12 11:11:45,032 INFO o.a.j.s.FileServer: Stored: C:/Users/guogy/sdu-soft-test2025/lab3/login_test_data.csv
2025-05-12 11:11:45,041 INFO o.a.j.t.JMeterThread: Thread started: 线程组 1-2
2025-05-12 11:11:45,049 INFO o.a.j.t.JMeterThread: Thread started: 线程组 1-3
2025-05-12 11:11:45,050 INFO o.a.j.p.h.s.HTTPHCAbstractImpl: Local host = Guogy-PC
2025-05-12 11:11:45,054 INFO o.a.j.p.h.s.HTTPHC4Impl: HTTP request retry count = 0
2025-05-12 11:11:45,055 INFO o.a.j.s.SampleResult: Note: Sample TimeStamps are START times
2025-05-12 11:11:45,055 INFO o.a.j.s.SampleResult: sampleresult.default.encoding is set to UTF-8
2025-05-12 11:11:45,055 INFO o.a.j.s.SampleResult: sampleresult.useNanoTime=true
2025-05-12 11:11:45,055 INFO o.a.j.s.SampleResult: sampleresult.nanoThreadSleep=5000
2025-05-12 11:11:45,059 INFO o.a.j.t.JMeterThread: Thread started: 线程组 1-4
2025-05-12 11:11:45,071 INFO o.a.j.t.JMeterThread: Thread started: 线程组 1-5
2025-05-12 11:11:45,081 INFO o.a.j.t.JMeterThread: Thread started: 线程组 1-6
2025-05-12 11:11:45,089 INFO o.a.j.t.JMeterThread: Thread started: 线程组 1-7
2025-05-12 11:11:45,100 INFO o.a.j.t.JMeterThread: Thread started: 线程组 1-8
2025-05-12 11:11:45,110 INFO o.a.j.t.JMeterThread: Thread started: 线程组 1-9
2025-05-12 11:11:45,119 INFO o.a.j.t.JMeterThread: Thread started: 线程组 1-10
2025-05-12 11:11:45,130 INFO o.a.j.t.JMeterThread: Thread started: 线程组 1-11
2025-05-12 11:11:45,139 INFO o.a.j.t.JMeterThread: Thread started: 线程组 1-12
2025-05-12 11:11:45,149 INFO o.a.j.t.JMeterThread: Thread started: 线程组 1-13
2025-05-12 11:11:45,160 INFO o.a.j.t.JMeterThread: Thread started: 线程组 1-14
2025-05-12 11:11:45,169 INFO o.a.j.t.JMeterThread: Thread started: 线程组 1-15
2025-05-12 11:11:45,180 INFO o.a.j.t.JMeterThread: Thread started: 线程组 1-16
2025-05-12 11:11:45,189 INFO o.a.j.t.JMeterThread: Thread started: 线程组 1-17
2025-05-12 11:11:45,200 INFO o.a.j.t.JMeterThread: Thread started: 线程组 1-18
2025-05-12 11:11:45,209 INFO o.a.j.t.JMeterThread: Thread started: 线程组 1-19
2025-05-12 11:11:45,219 INFO o.a.j.t.JMeterThread: Thread started: 线程组 1-20
2025-05-12 11:11:45,230 INFO o.a.j.t.JMeterThread: Thread started: 线程组 1-21
2025-05-12 11:11:45,230 INFO o.a.j.t.JMeterThread: Thread is done: 线程组 1-6
2025-05-12 11:11:45,230 INFO o.a.j.t.JMeterThread: Thread finished: 线程组 1-6
2025-05-12 11:11:45,232 INFO o.a.j.t.JMeterThread: Thread is done: 线程组 1-2
2025-05-12 11:11:45,232 INFO o.a.j.t.JMeterThread: Thread finished: 线程组 1-2
2025-05-12 11:11:45,241 INFO o.a.j.t.JMeterThread: Thread started: 线程组 1-22
2025-05-12 11:11:45,249 INFO o.a.j.t.JMeterThread: Thread is done: 线程组 1-16
2025-05-12 11:11:45,249 INFO o.a.j.t.JMeterThread: Thread finished: 线程组 1-16
2025-05-12 11:11:45,249 INFO o.a.j.t.JMeterThread: Thread is done: 线程组 1-20
2025-05-12 11:11:45,249 INFO o.a.j.t.JMeterThread: Thread finished: 线程组 1-20
2025-05-12 11:11:45,250 INFO o.a.j.t.JMeterThread: Thread started: 线程组 1-23
2025-05-12 11:11:45,258 INFO o.a.j.t.JMeterThread: Thread started: 线程组 1-24
2025-05-12 11:11:45,258 INFO o.a.j.t.JMeterThread: Thread is done: 线程组 1-13
2025-05-12 11:11:45,258 INFO o.a.j.t.JMeterThread: Thread finished: 线程组 1-13
2025-05-12 11:11:45,269 INFO o.a.j.t.JMeterThread: Thread started: 线程组 1-25
2025-05-12 11:11:45,273 INFO o.a.j.t.JMeterThread: Thread is done: 线程组 1-12
2025-05-12 11:11:45,273 INFO o.a.j.t.JMeterThread: Thread finished: 线程组 1-12
2025-05-12 11:11:45,274 INFO o.a.j.t.JMeterThread: Thread is done: 线程组 1-23
2025-05-12 11:11:45,274 INFO o.a.j.t.JMeterThread: Thread finished: 线程组 1-23
2025-05-12 11:11:45,279 INFO o.a.j.t.JMeterThread: Thread is done: 线程组 1-9
2025-05-12 11:11:45,279 INFO o.a.j.t.JMeterThread: Thread finished: 线程组 1-9
2025-05-12 11:11:45,280 INFO o.a.j.t.JMeterThread: Thread started: 线程组 1-26
2025-05-12 11:11:45,283 INFO o.a.j.t.JMeterThread: Thread is done: 线程组 1-5
2025-05-12 11:11:45,283 INFO o.a.j.t.JMeterThread: Thread finished: 线程组 1-5
2025-05-12 11:11:45,289 INFO o.a.j.t.JMeterThread: Thread started: 线程组 1-27
2025-05-12 11:11:45,295 INFO o.a.j.t.JMeterThread: Thread is done: 线程组 1-11
2025-05-12 11:11:45,296 INFO o.a.j.t.JMeterThread: Thread finished: 线程组 1-11
2025-05-12 11:11:45,300 INFO o.a.j.t.JMeterThread: Thread started: 线程组 1-28
2025-05-12 11:11:45,302 INFO o.a.j.t.JMeterThread: Thread is done: 线程组 1-1
2025-05-12 11:11:45,302 INFO o.a.j.t.JMeterThread: Thread finished: 线程组 1-1
2025-05-12 11:11:45,309 INFO o.a.j.t.JMeterThread: Thread is done: 线程组 1-14
2025-05-12 11:11:45,309 INFO o.a.j.t.JMeterThread: Thread finished: 线程组 1-14
2025-05-12 11:11:45,310 INFO o.a.j.t.JMeterThread: Thread is done: 线程组 1-10
2025-05-12 11:11:45,310 INFO o.a.j.t.JMeterThread: Thread started: 线程组 1-29
2025-05-12 11:11:45,310 INFO o.a.j.t.JMeterThread: Thread finished: 线程组 1-10
2025-05-12 11:11:45,320 INFO o.a.j.t.JMeterThread: Thread started: 线程组 1-30
2025-05-12 11:11:45,324 INFO o.a.j.t.JMeterThread: Thread is done: 线程组 1-15
2025-05-12 11:11:45,324 INFO o.a.j.t.JMeterThread: Thread finished: 线程组 1-15
2025-05-12 11:11:45,328 INFO o.a.j.t.JMeterThread: Thread is done: 线程组 1-24
2025-05-12 11:11:45,328 INFO o.a.j.t.JMeterThread: Thread finished: 线程组 1-24
2025-05-12 11:11:45,330 INFO o.a.j.t.JMeterThread: Thread started: 线程组 1-31
2025-05-12 11:11:45,330 INFO o.a.j.t.JMeterThread: Thread is done: 线程组 1-7
2025-05-12 11:11:45,330 INFO o.a.j.t.JMeterThread: Thread finished: 线程组 1-7
2025-05-12 11:11:45,338 INFO o.a.j.t.JMeterThread: Thread started: 线程组 1-32
2025-05-12 11:11:45,350 INFO o.a.j.t.JMeterThread: Thread started: 线程组 1-33
2025-05-12 11:11:45,351 INFO o.a.j.t.JMeterThread: Thread is done: 线程组 1-22
2025-05-12 11:11:45,351 INFO o.a.j.t.JMeterThread: Thread finished: 线程组 1-22
2025-05-12 11:11:45,351 INFO o.a.j.t.JMeterThread: Thread is done: 线程组 1-17
2025-05-12 11:11:45,351 INFO o.a.j.t.JMeterThread: Thread finished: 线程组 1-17
2025-05-12 11:11:45,360 INFO o.a.j.t.JMeterThread: Thread started: 线程组 1-34
2025-05-12 11:11:45,370 INFO o.a.j.t.JMeterThread: Thread started: 线程组 1-35
2025-05-12 11:11:45,380 INFO o.a.j.t.JMeterThread: Thread started: 线程组 1-36
2025-05-12 11:11:45,389 INFO o.a.j.t.JMeterThread: Thread started: 线程组 1-37
2025-05-12 11:11:45,393 INFO o.a.j.t.JMeterThread: Thread is done: 线程组 1-27
2025-05-12 11:11:45,393 INFO o.a.j.t.JMeterThread: Thread finished: 线程组 1-27
2025-05-12 11:11:45,399 INFO o.a.j.t.JMeterThread: Thread started: 线程组 1-38
2025-05-12 11:11:45,402 INFO o.a.j.t.JMeterThread: Thread is done: 线程组 1-8
2025-05-12 11:11:45,403 INFO o.a.j.t.JMeterThread: Thread finished: 线程组 1-8
2025-05-12 11:11:45,409 INFO o.a.j.t.JMeterThread: Thread is done: 线程组 1-18
2025-05-12 11:11:45,409 INFO o.a.j.t.JMeterThread: Thread finished: 线程组 1-18
2025-05-12 11:11:45,411 INFO o.a.j.t.JMeterThread: Thread started: 线程组 1-39
2025-05-12 11:11:45,412 INFO o.a.j.t.JMeterThread: Thread is done: 线程组 1-19
2025-05-12 11:11:45,412 INFO o.a.j.t.JMeterThread: Thread finished: 线程组 1-19
2025-05-12 11:11:45,420 INFO o.a.j.t.JMeterThread: Thread started: 线程组 1-40
2025-05-12 11:11:45,425 INFO o.a.j.t.JMeterThread: Thread is done: 线程组 1-4
2025-05-12 11:11:45,426 INFO o.a.j.t.JMeterThread: Thread finished: 线程组 1-4
2025-05-12 11:11:45,430 INFO o.a.j.t.JMeterThread: Thread started: 线程组 1-41
2025-05-12 11:11:45,441 INFO o.a.j.t.JMeterThread: Thread started: 线程组 1-42
2025-05-12 11:11:45,449 INFO o.a.j.t.JMeterThread: Thread started: 线程组 1-43
2025-05-12 11:11:45,450 INFO o.a.j.t.JMeterThread: Thread is done: 线程组 1-37
2025-05-12 11:11:45,450 INFO o.a.j.t.JMeterThread: Thread finished: 线程组 1-37
2025-05-12 11:11:45,450 INFO o.a.j.t.JMeterThread: Thread is done: 线程组 1-25
2025-05-12 11:11:45,450 INFO o.a.j.t.JMeterThread: Thread finished: 线程组 1-25
2025-05-12 11:11:45,452 INFO o.a.j.t.JMeterThread: Thread is done: 线程组 1-33
2025-05-12 11:11:45,452 INFO o.a.j.t.JMeterThread: Thread finished: 线程组 1-33
2025-05-12 11:11:45,462 INFO o.a.j.t.JMeterThread: Thread started: 线程组 1-44
2025-05-12 11:11:45,468 INFO o.a.j.t.JMeterThread: Thread is done: 线程组 1-21
2025-05-12 11:11:45,468 INFO o.a.j.t.JMeterThread: Thread finished: 线程组 1-21
2025-05-12 11:11:45,469 INFO o.a.j.t.JMeterThread: Thread started: 线程组 1-45
2025-05-12 11:11:45,469 INFO o.a.j.t.JMeterThread: Thread is done: 线程组 1-3
2025-05-12 11:11:45,469 INFO o.a.j.t.JMeterThread: Thread finished: 线程组 1-3
2025-05-12 11:11:45,481 INFO o.a.j.t.JMeterThread: Thread started: 线程组 1-46
2025-05-12 11:11:45,483 INFO o.a.j.t.JMeterThread: Thread is done: 线程组 1-31
2025-05-12 11:11:45,483 INFO o.a.j.t.JMeterThread: Thread finished: 线程组 1-31
2025-05-12 11:11:45,491 INFO o.a.j.t.JMeterThread: Thread started: 线程组 1-47
2025-05-12 11:11:45,491 INFO o.a.j.t.JMeterThread: Thread is done: 线程组 1-28
2025-05-12 11:11:45,491 INFO o.a.j.t.JMeterThread: Thread finished: 线程组 1-28
2025-05-12 11:11:45,502 INFO o.a.j.t.JMeterThread: Thread started: 线程组 1-48
2025-05-12 11:11:45,512 INFO o.a.j.t.JMeterThread: Thread started: 线程组 1-49
2025-05-12 11:11:45,521 INFO o.a.j.t.JMeterThread: Thread started: 线程组 1-50
2025-05-12 11:11:45,521 INFO o.a.j.t.JMeterThread: Thread is done: 线程组 1-36
2025-05-12 11:11:45,521 INFO o.a.j.t.JMeterThread: Thread finished: 线程组 1-36
2025-05-12 11:11:45,528 INFO o.a.j.t.JMeterThread: Thread is done: 线程组 1-40
2025-05-12 11:11:45,528 INFO o.a.j.t.JMeterThread: Thread finished: 线程组 1-40
2025-05-12 11:11:45,529 INFO o.a.j.t.JMeterThread: Thread is done: 线程组 1-34
2025-05-12 11:11:45,529 INFO o.a.j.t.JMeterThread: Thread finished: 线程组 1-34
2025-05-12 11:11:45,530 INFO o.a.j.t.JMeterThread: Thread started: 线程组 1-51
2025-05-12 11:11:45,540 INFO o.a.j.t.JMeterThread: Thread started: 线程组 1-52
2025-05-12 11:11:45,545 INFO o.a.j.t.JMeterThread: Thread is done: 线程组 1-46
2025-05-12 11:11:45,545 INFO o.a.j.t.JMeterThread: Thread finished: 线程组 1-46
2025-05-12 11:11:45,546 INFO o.a.j.t.JMeterThread: Thread is done: 线程组 1-51
2025-05-12 11:11:45,546 INFO o.a.j.t.JMeterThread: Thread finished: 线程组 1-51
2025-05-12 11:11:45,550 INFO o.a.j.t.JMeterThread: Thread started: 线程组 1-53
2025-05-12 11:11:45,559 INFO o.a.j.t.JMeterThread: Thread started: 线程组 1-54
2025-05-12 11:11:45,566 INFO o.a.j.t.JMeterThread: Thread is done: 线程组 1-35
2025-05-12 11:11:45,566 INFO o.a.j.t.JMeterThread: Thread finished: 线程组 1-35
2025-05-12 11:11:45,568 INFO o.a.j.t.JMeterThread: Thread is done: 线程组 1-32
2025-05-12 11:11:45,568 INFO o.a.j.t.JMeterThread: Thread finished: 线程组 1-32
2025-05-12 11:11:45,571 INFO o.a.j.t.JMeterThread: Thread started: 线程组 1-55
2025-05-12 11:11:45,574 INFO o.a.j.t.JMeterThread: Thread is done: 线程组 1-44
2025-05-12 11:11:45,574 INFO o.a.j.t.JMeterThread: Thread finished: 线程组 1-44
2025-05-12 11:11:45,579 INFO o.a.j.t.JMeterThread: Thread is done: 线程组 1-26
2025-05-12 11:11:45,579 INFO o.a.j.t.JMeterThread: Thread finished: 线程组 1-26
2025-05-12 11:11:45,580 INFO o.a.j.t.JMeterThread: Thread started: 线程组 1-56
2025-05-12 11:11:45,582 INFO o.a.j.t.JMeterThread: Thread is done: 线程组 1-30
2025-05-12 11:11:45,582 INFO o.a.j.t.JMeterThread: Thread finished: 线程组 1-30
2025-05-12 11:11:45,590 INFO o.a.j.t.JMeterThread: Thread started: 线程组 1-57
2025-05-12 11:11:45,592 INFO o.a.j.t.JMeterThread: Thread is done: 线程组 1-29
2025-05-12 11:11:45,592 INFO o.a.j.t.JMeterThread: Thread finished: 线程组 1-29
2025-05-12 11:11:45,602 INFO o.a.j.t.JMeterThread: Thread started: 线程组 1-58
2025-05-12 11:11:45,610 INFO o.a.j.t.JMeterThread: Thread started: 线程组 1-59
2025-05-12 11:11:45,619 INFO o.a.j.t.JMeterThread: Thread started: 线程组 1-60
2025-05-12 11:11:45,622 INFO o.a.j.t.JMeterThread: Thread is done: 线程组 1-49
2025-05-12 11:11:45,622 INFO o.a.j.t.JMeterThread: Thread finished: 线程组 1-49
2025-05-12 11:11:45,624 INFO o.a.j.t.JMeterThread: Thread is done: 线程组 1-38
2025-05-12 11:11:45,624 INFO o.a.j.t.JMeterThread: Thread finished: 线程组 1-38
2025-05-12 11:11:45,630 INFO o.a.j.t.JMeterThread: Thread started: 线程组 1-61
2025-05-12 11:11:45,636 INFO o.a.j.t.JMeterThread: Thread is done: 线程组 1-39
2025-05-12 11:11:45,636 INFO o.a.j.t.JMeterThread: Thread finished: 线程组 1-39
2025-05-12 11:11:45,640 INFO o.a.j.t.JMeterThread: Thread started: 线程组 1-62
2025-05-12 11:11:45,649 INFO o.a.j.t.JMeterThread: Thread started: 线程组 1-63
2025-05-12 11:11:45,652 INFO o.a.j.t.JMeterThread: Thread is done: 线程组 1-43
2025-05-12 11:11:45,653 INFO o.a.j.t.JMeterThread: Thread finished: 线程组 1-43
2025-05-12 11:11:45,658 INFO o.a.j.t.JMeterThread: Thread is done: 线程组 1-58
2025-05-12 11:11:45,658 INFO o.a.j.t.JMeterThread: Thread finished: 线程组 1-58
2025-05-12 11:11:45,659 INFO o.a.j.t.JMeterThread: Thread started: 线程组 1-64
2025-05-12 11:11:45,665 INFO o.a.j.t.JMeterThread: Thread is done: 线程组 1-59
2025-05-12 11:11:45,665 INFO o.a.j.t.JMeterThread: Thread finished: 线程组 1-59
2025-05-12 11:11:45,669 INFO o.a.j.t.JMeterThread: Thread started: 线程组 1-65
2025-05-12 11:11:45,680 INFO o.a.j.t.JMeterThread: Thread started: 线程组 1-66
2025-05-12 11:11:45,688 INFO o.a.j.t.JMeterThread: Thread is done: 线程组 1-56
2025-05-12 11:11:45,688 INFO o.a.j.t.JMeterThread: Thread finished: 线程组 1-56
2025-05-12 11:11:45,689 INFO o.a.j.t.JMeterThread: Thread started: 线程组 1-67
2025-05-12 11:11:45,695 INFO o.a.j.t.JMeterThread: Thread is done: 线程组 1-52
2025-05-12 11:11:45,695 INFO o.a.j.t.JMeterThread: Thread finished: 线程组 1-52
2025-05-12 11:11:45,696 INFO o.a.j.t.JMeterThread: Thread is done: 线程组 1-45
2025-05-12 11:11:45,697 INFO o.a.j.t.JMeterThread: Thread finished: 线程组 1-45
2025-05-12 11:11:45,699 INFO o.a.j.t.JMeterThread: Thread started: 线程组 1-68
2025-05-12 11:11:45,704 INFO o.a.j.t.JMeterThread: Thread is done: 线程组 1-42
2025-05-12 11:11:45,704 INFO o.a.j.t.JMeterThread: Thread finished: 线程组 1-42
2025-05-12 11:11:45,709 INFO o.a.j.t.JMeterThread: Thread started: 线程组 1-69
2025-05-12 11:11:45,719 INFO o.a.j.t.JMeterThread: Thread started: 线程组 1-70
2025-05-12 11:11:45,722 INFO o.a.j.t.JMeterThread: Thread is done: 线程组 1-48
2025-05-12 11:11:45,723 INFO o.a.j.t.JMeterThread: Thread finished: 线程组 1-48
2025-05-12 11:11:45,724 INFO o.a.j.t.JMeterThread: Thread is done: 线程组 1-54
2025-05-12 11:11:45,724 INFO o.a.j.t.JMeterThread: Thread finished: 线程组 1-54
2025-05-12 11:11:45,727 INFO o.a.j.t.JMeterThread: Thread is done: 线程组 1-55
2025-05-12 11:11:45,727 INFO o.a.j.t.JMeterThread: Thread finished: 线程组 1-55
2025-05-12 11:11:45,729 INFO o.a.j.t.JMeterThread: Thread started: 线程组 1-71
2025-05-12 11:11:45,733 INFO o.a.j.t.JMeterThread: Thread is done: 线程组 1-60
2025-05-12 11:11:45,733 INFO o.a.j.t.JMeterThread: Thread finished: 线程组 1-60
2025-05-12 11:11:45,734 INFO o.a.j.t.JMeterThread: Thread is done: 线程组 1-53
2025-05-12 11:11:45,734 INFO o.a.j.t.JMeterThread: Thread finished: 线程组 1-53
2025-05-12 11:11:45,739 INFO o.a.j.t.JMeterThread: Thread started: 线程组 1-72
2025-05-12 11:11:45,746 INFO o.a.j.t.JMeterThread: Thread is done: 线程组 1-57
2025-05-12 11:11:45,746 INFO o.a.j.t.JMeterThread: Thread finished: 线程组 1-57
2025-05-12 11:11:45,749 INFO o.a.j.t.JMeterThread: Thread started: 线程组 1-73
2025-05-12 11:11:45,760 INFO o.a.j.t.JMeterThread: Thread started: 线程组 1-74
2025-05-12 11:11:45,769 INFO o.a.j.t.JMeterThread: Thread started: 线程组 1-75
2025-05-12 11:11:45,776 INFO o.a.j.t.JMeterThread: Thread is done: 线程组 1-64
2025-05-12 11:11:45,776 INFO o.a.j.t.JMeterThread: Thread finished: 线程组 1-64
2025-05-12 11:11:45,776 INFO o.a.j.t.JMeterThread: Thread is done: 线程组 1-50
2025-05-12 11:11:45,776 INFO o.a.j.t.JMeterThread: Thread finished: 线程组 1-50
2025-05-12 11:11:45,779 INFO o.a.j.t.JMeterThread: Thread started: 线程组 1-76
2025-05-12 11:11:45,780 INFO o.a.j.t.JMeterThread: Thread is done: 线程组 1-70
2025-05-12 11:11:45,780 INFO o.a.j.t.JMeterThread: Thread finished: 线程组 1-70
2025-05-12 11:11:45,782 INFO o.a.j.t.JMeterThread: Thread is done: 线程组 1-41
2025-05-12 11:11:45,782 INFO o.a.j.t.JMeterThread: Thread finished: 线程组 1-41
2025-05-12 11:11:45,790 INFO o.a.j.t.JMeterThread: Thread started: 线程组 1-77
2025-05-12 11:11:45,790 INFO o.a.j.t.JMeterThread: Thread is done: 线程组 1-61
2025-05-12 11:11:45,790 INFO o.a.j.t.JMeterThread: Thread finished: 线程组 1-61
2025-05-12 11:11:45,799 INFO o.a.j.t.JMeterThread: Thread started: 线程组 1-78
2025-05-12 11:11:45,807 INFO o.a.j.t.JMeterThread: Thread is done: 线程组 1-62
2025-05-12 11:11:45,807 INFO o.a.j.t.JMeterThread: Thread finished: 线程组 1-62
2025-05-12 11:11:45,810 INFO o.a.j.t.JMeterThread: Thread started: 线程组 1-79
2025-05-12 11:11:45,820 INFO o.a.j.t.JMeterThread: Thread started: 线程组 1-80
2025-05-12 11:11:45,821 INFO o.a.j.t.JMeterThread: Thread is done: 线程组 1-71
2025-05-12 11:11:45,821 INFO o.a.j.t.JMeterThread: Thread finished: 线程组 1-71
2025-05-12 11:11:45,829 INFO o.a.j.t.JMeterThread: Thread started: 线程组 1-81
2025-05-12 11:11:45,839 INFO o.a.j.t.JMeterThread: Thread started: 线程组 1-82
2025-05-12 11:11:45,845 INFO o.a.j.t.JMeterThread: Thread is done: 线程组 1-47
2025-05-12 11:11:45,845 INFO o.a.j.t.JMeterThread: Thread finished: 线程组 1-47
2025-05-12 11:11:45,849 INFO o.a.j.t.JMeterThread: Thread started: 线程组 1-83
2025-05-12 11:11:45,850 INFO o.a.j.t.JMeterThread: Thread is done: 线程组 1-73
2025-05-12 11:11:45,850 INFO o.a.j.t.JMeterThread: Thread finished: 线程组 1-73
2025-05-12 11:11:45,850 INFO o.a.j.t.JMeterThread: Thread is done: 线程组 1-82
2025-05-12 11:11:45,850 INFO o.a.j.t.JMeterThread: Thread finished: 线程组 1-82
2025-05-12 11:11:45,860 INFO o.a.j.t.JMeterThread: Thread started: 线程组 1-84
2025-05-12 11:11:45,863 INFO o.a.j.t.JMeterThread: Thread is done: 线程组 1-63
2025-05-12 11:11:45,863 INFO o.a.j.t.JMeterThread: Thread finished: 线程组 1-63
2025-05-12 11:11:45,869 INFO o.a.j.t.JMeterThread: Thread started: 线程组 1-85
2025-05-12 11:11:45,878 INFO o.a.j.t.JMeterThread: Thread is done: 线程组 1-75
2025-05-12 11:11:45,878 INFO o.a.j.t.JMeterThread: Thread finished: 线程组 1-75
2025-05-12 11:11:45,879 INFO o.a.j.t.JMeterThread: Thread started: 线程组 1-86
2025-05-12 11:11:45,889 INFO o.a.j.t.JMeterThread: Thread started: 线程组 1-87
2025-05-12 11:11:45,899 INFO o.a.j.t.JMeterThread: Thread is done: 线程组 1-72
2025-05-12 11:11:45,899 INFO o.a.j.t.JMeterThread: Thread finished: 线程组 1-72
2025-05-12 11:11:45,899 INFO o.a.j.t.JMeterThread: Thread started: 线程组 1-88
2025-05-12 11:11:45,907 INFO o.a.j.t.JMeterThread: Thread is done: 线程组 1-67
2025-05-12 11:11:45,907 INFO o.a.j.t.JMeterThread: Thread finished: 线程组 1-67
2025-05-12 11:11:45,909 INFO o.a.j.t.JMeterThread: Thread started: 线程组 1-89
2025-05-12 11:11:45,911 INFO o.a.j.t.JMeterThread: Thread is done: 线程组 1-68
2025-05-12 11:11:45,911 INFO o.a.j.t.JMeterThread: Thread finished: 线程组 1-68
2025-05-12 11:11:45,911 INFO o.a.j.t.JMeterThread: Thread is done: 线程组 1-87
2025-05-12 11:11:45,911 INFO o.a.j.t.JMeterThread: Thread finished: 线程组 1-87
2025-05-12 11:11:45,919 INFO o.a.j.t.JMeterThread: Thread started: 线程组 1-90
2025-05-12 11:11:45,926 INFO o.a.j.t.JMeterThread: Thread is done: 线程组 1-66
2025-05-12 11:11:45,926 INFO o.a.j.t.JMeterThread: Thread finished: 线程组 1-66
2025-05-12 11:11:45,929 INFO o.a.j.t.JMeterThread: Thread started: 线程组 1-91
2025-05-12 11:11:45,932 INFO o.a.j.t.JMeterThread: Thread is done: 线程组 1-69
2025-05-12 11:11:45,932 INFO o.a.j.t.JMeterThread: Thread finished: 线程组 1-69
2025-05-12 11:11:45,939 INFO o.a.j.t.JMeterThread: Thread started: 线程组 1-92
2025-05-12 11:11:45,940 INFO o.a.j.t.JMeterThread: Thread is done: 线程组 1-76
2025-05-12 11:11:45,940 INFO o.a.j.t.JMeterThread: Thread finished: 线程组 1-76
2025-05-12 11:11:45,949 INFO o.a.j.t.JMeterThread: Thread started: 线程组 1-93
2025-05-12 11:11:45,959 INFO o.a.j.t.JMeterThread: Thread started: 线程组 1-94
2025-05-12 11:11:45,970 INFO o.a.j.t.JMeterThread: Thread started: 线程组 1-95
2025-05-12 11:11:45,975 INFO o.a.j.t.JMeterThread: Thread is done: 线程组 1-79
2025-05-12 11:11:45,975 INFO o.a.j.t.JMeterThread: Thread finished: 线程组 1-79
2025-05-12 11:11:45,976 INFO o.a.j.t.JMeterThread: Thread is done: 线程组 1-80
2025-05-12 11:11:45,976 INFO o.a.j.t.JMeterThread: Thread finished: 线程组 1-80
2025-05-12 11:11:45,979 INFO o.a.j.t.JMeterThread: Thread started: 线程组 1-96
2025-05-12 11:11:45,989 INFO o.a.j.t.JMeterThread: Thread started: 线程组 1-97
2025-05-12 11:11:45,999 INFO o.a.j.t.JMeterThread: Thread started: 线程组 1-98
2025-05-12 11:11:46,001 INFO o.a.j.t.JMeterThread: Thread is done: 线程组 1-81
2025-05-12 11:11:46,001 INFO o.a.j.t.JMeterThread: Thread finished: 线程组 1-81
2025-05-12 11:11:46,008 INFO o.a.j.t.JMeterThread: Thread is done: 线程组 1-83
2025-05-12 11:11:46,008 INFO o.a.j.t.JMeterThread: Thread finished: 线程组 1-83
2025-05-12 11:11:46,009 INFO o.a.j.t.JMeterThread: Thread started: 线程组 1-99
2025-05-12 11:11:46,010 INFO o.a.j.t.JMeterThread: Thread is done: 线程组 1-89
2025-05-12 11:11:46,010 INFO o.a.j.t.JMeterThread: Thread finished: 线程组 1-89
2025-05-12 11:11:46,011 INFO o.a.j.t.JMeterThread: Thread is done: 线程组 1-86
2025-05-12 11:11:46,011 INFO o.a.j.t.JMeterThread: Thread finished: 线程组 1-86
2025-05-12 11:11:46,019 INFO o.a.j.t.JMeterThread: Thread started: 线程组 1-100
2025-05-12 11:11:46,020 INFO o.a.j.t.JMeterThread: Thread is done: 线程组 1-88
2025-05-12 11:11:46,020 INFO o.a.j.t.JMeterThread: Thread finished: 线程组 1-88
2025-05-12 11:11:46,034 INFO o.a.j.t.JMeterThread: Thread is done: 线程组 1-85
2025-05-12 11:11:46,034 INFO o.a.j.t.JMeterThread: Thread finished: 线程组 1-85
2025-05-12 11:11:46,039 INFO o.a.j.t.JMeterThread: Thread is done: 线程组 1-84
2025-05-12 11:11:46,039 INFO o.a.j.t.JMeterThread: Thread finished: 线程组 1-84
2025-05-12 11:11:46,050 INFO o.a.j.t.JMeterThread: Thread is done: 线程组 1-65
2025-05-12 11:11:46,050 INFO o.a.j.t.JMeterThread: Thread finished: 线程组 1-65
2025-05-12 11:11:46,106 INFO o.a.j.t.JMeterThread: Thread is done: 线程组 1-77
2025-05-12 11:11:46,108 INFO o.a.j.t.JMeterThread: Thread finished: 线程组 1-77
2025-05-12 11:11:46,133 INFO o.a.j.t.JMeterThread: Thread is done: 线程组 1-100
2025-05-12 11:11:46,134 INFO o.a.j.t.JMeterThread: Thread finished: 线程组 1-100
2025-05-12 11:11:46,140 INFO o.a.j.t.JMeterThread: Thread is done: 线程组 1-91
2025-05-12 11:11:46,140 INFO o.a.j.t.JMeterThread: Thread finished: 线程组 1-91
2025-05-12 11:11:46,145 INFO o.a.j.t.JMeterThread: Thread is done: 线程组 1-98
2025-05-12 11:11:46,145 INFO o.a.j.t.JMeterThread: Thread finished: 线程组 1-98
2025-05-12 11:11:46,156 INFO o.a.j.t.JMeterThread: Thread is done: 线程组 1-78
2025-05-12 11:11:46,156 INFO o.a.j.t.JMeterThread: Thread finished: 线程组 1-78
2025-05-12 11:11:46,196 INFO o.a.j.t.JMeterThread: Thread is done: 线程组 1-99
2025-05-12 11:11:46,196 INFO o.a.j.t.JMeterThread: Thread finished: 线程组 1-99
2025-05-12 11:11:46,202 INFO o.a.j.t.JMeterThread: Thread is done: 线程组 1-95
2025-05-12 11:11:46,202 INFO o.a.j.t.JMeterThread: Thread finished: 线程组 1-95
2025-05-12 11:11:46,208 INFO o.a.j.t.JMeterThread: Thread is done: 线程组 1-74
2025-05-12 11:11:46,208 INFO o.a.j.t.JMeterThread: Thread finished: 线程组 1-74
2025-05-12 11:11:46,210 INFO o.a.j.t.JMeterThread: Thread is done: 线程组 1-93
2025-05-12 11:11:46,210 INFO o.a.j.t.JMeterThread: Thread finished: 线程组 1-93
2025-05-12 11:11:46,210 INFO o.a.j.t.JMeterThread: Thread is done: 线程组 1-94
2025-05-12 11:11:46,210 INFO o.a.j.t.JMeterThread: Thread finished: 线程组 1-94
2025-05-12 11:11:46,223 INFO o.a.j.t.JMeterThread: Thread is done: 线程组 1-97
2025-05-12 11:11:46,223 INFO o.a.j.t.JMeterThread: Thread finished: 线程组 1-97
2025-05-12 11:11:46,225 INFO o.a.j.t.JMeterThread: Thread is done: 线程组 1-90
2025-05-12 11:11:46,225 INFO o.a.j.t.JMeterThread: Thread finished: 线程组 1-90
2025-05-12 11:11:46,235 INFO o.a.j.t.JMeterThread: Thread is done: 线程组 1-92
2025-05-12 11:11:46,235 INFO o.a.j.t.JMeterThread: Thread finished: 线程组 1-92
2025-05-12 11:11:46,245 INFO o.a.j.t.JMeterThread: Thread is done: 线程组 1-96
2025-05-12 11:11:46,245 INFO o.a.j.t.JMeterThread: Thread finished: 线程组 1-96
2025-05-12 11:11:46,245 INFO o.a.j.e.StandardJMeterEngine: Notifying test listeners of end of test
2025-05-12 11:11:46,246 INFO o.a.j.s.FileServer: Close: C:/Users/guogy/sdu-soft-test2025/lab3/login_test_data.csv
2025-05-12 11:11:46,249 INFO o.a.j.r.Summariser: summary =   1000 in 00:00:11 =   89.0/s Avg:    16 Min:     0 Max:    72 Err:   644 (64.40%)
2025-05-12 11:11:46,249 INFO o.a.j.JMeter: Generating Dashboard
2025-05-12 11:11:46,250 INFO o.a.j.r.d.ReportGenerator: Flushing result collector before report Generation
2025-05-12 11:11:46,260 INFO o.a.j.r.p.NormalizerSampleConsumer: Using format, 'ms', to parse timeStamp field
2025-05-12 11:11:46,436 INFO o.a.j.r.p.AbstractSampleConsumer: class org.apache.jmeter.report.processor.AggregateConsumer#stopProducing(): beginDate produced 0 samples
2025-05-12 11:11:46,436 INFO o.a.j.r.p.AbstractSampleConsumer: class org.apache.jmeter.report.processor.AggregateConsumer#stopProducing(): endDate produced 0 samples
2025-05-12 11:11:46,440 INFO o.a.j.r.p.AbstractSampleConsumer: class org.apache.jmeter.report.processor.ApdexSummaryConsumer#stopProducing(): apdexSummary produced 0 samples
2025-05-12 11:11:46,440 INFO o.a.j.r.p.AbstractSampleConsumer: class org.apache.jmeter.report.processor.RequestsSummaryConsumer#stopProducing(): requestsSummary produced 0 samples
2025-05-12 11:11:46,448 INFO o.a.j.r.p.AbstractSampleConsumer: class org.apache.jmeter.report.processor.StatisticsSummaryConsumer#stopProducing(): statisticsSummary produced 0 samples
2025-05-12 11:11:46,449 INFO o.a.j.r.p.AbstractSampleConsumer: class org.apache.jmeter.report.processor.Top5ErrorsBySamplerConsumer#stopProducing(): top5ErrorsBySampler produced 0 samples
2025-05-12 11:11:46,449 INFO o.a.j.r.p.AbstractSampleConsumer: class org.apache.jmeter.report.processor.ErrorsSummaryConsumer#stopProducing(): errorsSummary produced 0 samples
2025-05-12 11:11:46,449 INFO o.a.j.r.p.AbstractSampleConsumer: class org.apache.jmeter.report.processor.graph.impl.HitsPerSecondGraphConsumer#stopProducing(): hitsPerSecond produced 0 samples
2025-05-12 11:11:46,513 INFO o.a.j.r.p.AbstractSampleConsumer: class org.apache.jmeter.report.processor.graph.impl.LatencyVSRequestGraphConsumer#stopProducing(): latencyVsRequest produced 0 samples
2025-05-12 11:11:46,513 INFO o.a.j.r.p.AbstractSampleConsumer: class org.apache.jmeter.report.processor.graph.impl.SyntheticResponseTimeDistributionGraphConsumer#stopProducing(): syntheticResponseTimeDistribution produced 0 samples
2025-05-12 11:11:46,513 INFO o.a.j.r.p.AbstractSampleConsumer: class org.apache.jmeter.report.processor.graph.impl.BytesThroughputGraphConsumer#stopProducing(): bytesThroughputOverTime produced 0 samples
2025-05-12 11:11:46,513 INFO o.a.j.r.p.AbstractSampleConsumer: class org.apache.jmeter.report.processor.graph.impl.CodesPerSecondGraphConsumer#stopProducing(): codesPerSecond produced 0 samples
2025-05-12 11:11:46,533 INFO o.a.j.r.p.AbstractSampleConsumer: class org.apache.jmeter.report.processor.graph.impl.ResponseTimeVSRequestGraphConsumer#stopProducing(): responseTimeVsRequest produced 0 samples
2025-05-12 11:11:46,533 INFO o.a.j.r.p.AbstractSampleConsumer: class org.apache.jmeter.report.processor.FilterConsumer#stopProducing(): startIntervalControlerFilter produced 7000 samples
2025-05-12 11:11:46,533 INFO o.a.j.r.p.AbstractSampleConsumer: class org.apache.jmeter.report.processor.graph.impl.TotalTPSGraphConsumer#stopProducing(): totalTPS produced 0 samples
2025-05-12 11:11:46,533 INFO o.a.j.r.p.AbstractSampleConsumer: class org.apache.jmeter.report.processor.graph.impl.ActiveThreadsGraphConsumer#stopProducing(): activeThreadsOverTime produced 0 samples
2025-05-12 11:11:46,533 INFO o.a.j.r.p.AbstractSampleConsumer: class org.apache.jmeter.report.processor.graph.impl.TimeVSThreadGraphConsumer#stopProducing(): timeVsThreads produced 0 samples
2025-05-12 11:11:46,533 INFO o.a.j.r.p.AbstractSampleConsumer: class org.apache.jmeter.report.processor.graph.impl.ResponseTimeDistributionGraphConsumer#stopProducing(): responseTimeDistribution produced 0 samples
2025-05-12 11:11:46,537 INFO o.a.j.r.p.AbstractSampleConsumer: class org.apache.jmeter.report.processor.graph.impl.TransactionsPerSecondGraphConsumer#stopProducing(): transactionsPerSecond produced 0 samples
2025-05-12 11:11:46,537 INFO o.a.j.r.p.AbstractSampleConsumer: class org.apache.jmeter.report.processor.graph.impl.ResponseTimePercentilesGraphConsumer#stopProducing(): responseTimePercentiles produced 0 samples
2025-05-12 11:11:46,538 INFO o.a.j.r.p.AbstractSampleConsumer: class org.apache.jmeter.report.processor.graph.impl.ResponseTimePercentilesOverTimeGraphConsumer#stopProducing(): responseTimePercentilesOverTime produced 0 samples
2025-05-12 11:11:46,538 INFO o.a.j.r.p.AbstractSampleConsumer: class org.apache.jmeter.report.processor.graph.impl.ResponseTimeOverTimeGraphConsumer#stopProducing(): responseTimesOverTime produced 0 samples
2025-05-12 11:11:46,538 INFO o.a.j.r.p.AbstractSampleConsumer: class org.apache.jmeter.report.processor.graph.impl.ConnectTimeOverTimeGraphConsumer#stopProducing(): connectTimeOverTime produced 0 samples
2025-05-12 11:11:46,538 INFO o.a.j.r.p.AbstractSampleConsumer: class org.apache.jmeter.report.processor.graph.impl.LatencyOverTimeGraphConsumer#stopProducing(): latenciesOverTime produced 0 samples
2025-05-12 11:11:46,538 INFO o.a.j.r.p.AbstractSampleConsumer: class org.apache.jmeter.report.processor.FilterConsumer#stopProducing(): nameFilter produced 15000 samples
2025-05-12 11:11:46,538 INFO o.a.j.r.p.AbstractSampleConsumer: class org.apache.jmeter.report.processor.FilterConsumer#stopProducing(): dateRangeFilter produced 3000 samples
2025-05-12 11:11:46,538 INFO o.a.j.r.p.AbstractSampleConsumer: class org.apache.jmeter.report.processor.NormalizerSampleConsumer#stopProducing(): normalizer produced 1000 samples
2025-05-12 11:11:46,540 INFO o.a.j.r.p.CsvFileSampleSource: produce(): 1000 samples produced in 260ms on channel 0
2025-05-12 11:11:46,540 INFO o.a.j.r.d.ReportGenerator: Exporting data using exporter:'json' of className:'org.apache.jmeter.report.dashboard.JsonExporter'
2025-05-12 11:11:46,609 INFO o.a.j.r.d.JsonExporter: Found data for consumer statisticsSummary in context
2025-05-12 11:11:46,609 INFO o.a.j.r.d.JsonExporter: Creating statistics for overall
2025-05-12 11:11:46,610 INFO o.a.j.r.d.JsonExporter: Creating statistics for other transactions
2025-05-12 11:11:46,610 INFO o.a.j.r.d.JsonExporter: Checking output folder
2025-05-12 11:11:46,610 INFO o.a.j.r.d.JsonExporter: Writing statistics JSON to C:\Users\guogy\sdu-soft-test2025\lab3\report\statistics.json
2025-05-12 11:11:46,644 INFO o.a.j.r.d.ReportGenerator: Exporting data using exporter:'html' of className:'org.apache.jmeter.report.dashboard.HtmlTemplateExporter'
2025-05-12 11:11:46,646 INFO o.a.j.r.d.HtmlTemplateExporter: Will generate dashboard in folder: C:\Users\guogy\sdu-soft-test2025\lab3\report
2025-05-12 11:11:46,728 INFO o.a.j.r.d.HtmlTemplateExporter: Report will be generated in: C:\Users\guogy\sdu-soft-test2025\lab3\report, creating folder structure
2025-05-12 11:11:46,729 INFO o.a.j.r.d.TemplateVisitor: Copying folder from 'C:\Users\guogy\AppData\Local\Programs\JMeter\bin\report-template' to 'C:\Users\guogy\sdu-soft-test2025\lab3\report', got message: C:\Users\guogy\sdu-soft-test2025\lab3\report, found non empty folder with following content [C:\Users\guogy\sdu-soft-test2025\lab3\report\statistics.json], will be ignored
2025-05-12 11:11:46,950 INFO o.a.j.JMeter: Dashboard generated
